<?xml version="1.0" encoding="UTF-8"?>
<!-- Generated by org.testng.reporters.JUnitReportReporter -->
<testsuite hostname="DESKTOP-8JG2CAK" failures="0" tests="3" name="StepDef.Login" time="12.503" errors="0" timestamp="2020-09-02T17:02:02 IST" skipped="0">
  <testcase classname="StepDef.Login" name="verifyPageTitle" time="0.300"/>
  <system-out/>
  <testcase classname="StepDef.Login" name="navSigninPage" time="5.050"/>
  <system-out/>
  <testcase classname="StepDef.Login" name="performLogin" time="7.153"/>
  <system-out/>
</testsuite> <!-- StepDef.Login -->
